<?xml version="1.0" encoding="UTF-8"?>
<testsuite xmlns:xsi="http://www.w3.org/2001/XMLSchema-instance" xsi:noNamespaceSchemaLocation="https://maven.apache.org/surefire/maven-surefire-plugin/xsd/surefire-test-report.xsd" name="TestEvent" time="0.582" tests="7" errors="0" skipped="0" failures="0">
  <properties>
    <property name="java.specification.version" value="16"/>
    <property name="sun.cpu.isalist" value="amd64"/>
    <property name="sun.jnu.encoding" value="Cp1252"/>
    <property name="java.class.path" value="V:\Desktop\CommunityLookupTool-master\target\test-classes;V:\Desktop\CommunityLookupTool-master\target\classes;C:\Users\bzc5373\.m2\repository\org\junit\jupiter\junit-jupiter-api\5.6.0\junit-jupiter-api-5.6.0.jar;C:\Users\bzc5373\.m2\repository\org\apiguardian\apiguardian-api\1.1.0\apiguardian-api-1.1.0.jar;C:\Users\bzc5373\.m2\repository\org\opentest4j\opentest4j\1.2.0\opentest4j-1.2.0.jar;C:\Users\bzc5373\.m2\repository\org\junit\platform\junit-platform-commons\1.6.0\junit-platform-commons-1.6.0.jar;C:\Users\bzc5373\.m2\repository\org\junit\jupiter\junit-jupiter-params\5.6.0\junit-jupiter-params-5.6.0.jar;C:\Users\bzc5373\.m2\repository\org\junit\jupiter\junit-jupiter-engine\5.6.0\junit-jupiter-engine-5.6.0.jar;C:\Users\bzc5373\.m2\repository\org\junit\platform\junit-platform-engine\1.6.0\junit-platform-engine-1.6.0.jar;C:\Users\bzc5373\.m2\repository\org\codehaus\mojo\nbm-maven-plugin\3.6\nbm-maven-plugin-3.6.jar;C:\Users\bzc5373\.m2\repository\org\apache\maven\maven-artifact\2.0.6\maven-artifact-2.0.6.jar;C:\Users\bzc5373\.m2\repository\org\apache\maven\maven-plugin-api\2.0\maven-plugin-api-2.0.jar;C:\Users\bzc5373\.m2\repository\org\apache\ant\ant\1.8.2\ant-1.8.2.jar;C:\Users\bzc5373\.m2\repository\org\apache\ant\ant-launcher\1.8.2\ant-launcher-1.8.2.jar;C:\Users\bzc5373\.m2\repository\org\apache\maven\maven-project\2.0.6\maven-project-2.0.6.jar;C:\Users\bzc5373\.m2\repository\org\apache\maven\maven-settings\2.0.6\maven-settings-2.0.6.jar;C:\Users\bzc5373\.m2\repository\org\apache\maven\maven-profile\2.0.6\maven-profile-2.0.6.jar;C:\Users\bzc5373\.m2\repository\org\apache\maven\maven-plugin-registry\2.0.6\maven-plugin-registry-2.0.6.jar;C:\Users\bzc5373\.m2\repository\org\codehaus\plexus\plexus-utils\3.0\plexus-utils-3.0.jar;C:\Users\bzc5373\.m2\repository\org\codehaus\plexus\plexus-archiver\1.2\plexus-archiver-1.2.jar;C:\Users\bzc5373\.m2\repository\org\codehaus\plexus\plexus-io\1.0.1\plexus-io-1.0.1.jar;C:\Users\bzc5373\.m2\repository\org\apache\lucene\lucene-core\2.9.4\lucene-core-2.9.4.jar;C:\Users\bzc5373\.m2\repository\org\apache\maven\shared\maven-dependency-tree\1.2\maven-dependency-tree-1.2.jar;C:\Users\bzc5373\.m2\repository\org\apache\maven\shared\maven-dependency-analyzer\1.2\maven-dependency-analyzer-1.2.jar;C:\Users\bzc5373\.m2\repository\asm\asm\3.0\asm-3.0.jar;C:\Users\bzc5373\.m2\repository\org\apache\maven\maven-model\2.0.6\maven-model-2.0.6.jar;C:\Users\bzc5373\.m2\repository\org\apache\maven\maven-artifact-manager\2.0.6\maven-artifact-manager-2.0.6.jar;C:\Users\bzc5373\.m2\repository\org\apache\maven\maven-repository-metadata\2.0.6\maven-repository-metadata-2.0.6.jar;C:\Users\bzc5373\.m2\repository\org\apache\maven\wagon\wagon-provider-api\1.0-beta-2\wagon-provider-api-1.0-beta-2.jar;C:\Users\bzc5373\.m2\repository\org\codehaus\plexus\plexus-container-default\1.0-alpha-9-stable-1\plexus-container-default-1.0-alpha-9-stable-1.jar;C:\Users\bzc5373\.m2\repository\junit\junit\3.8.1\junit-3.8.1.jar;C:\Users\bzc5373\.m2\repository\classworlds\classworlds\1.1-alpha-2\classworlds-1.1-alpha-2.jar;C:\Users\bzc5373\.m2\repository\org\apache\maven\shared\maven-filtering\1.0\maven-filtering-1.0.jar;C:\Users\bzc5373\.m2\repository\org\apache\maven\maven-monitor\2.0.6\maven-monitor-2.0.6.jar;C:\Users\bzc5373\.m2\repository\org\codehaus\plexus\plexus-interpolation\1.12\plexus-interpolation-1.12.jar;C:\Users\bzc5373\.m2\repository\org\sonatype\plexus\plexus-build-api\0.0.4\plexus-build-api-0.0.4.jar;C:\Users\bzc5373\.m2\repository\org\apache\maven\maven-core\2.0.6\maven-core-2.0.6.jar;C:\Users\bzc5373\.m2\repository\org\apache\maven\wagon\wagon-file\1.0-beta-2\wagon-file-1.0-beta-2.jar;C:\Users\bzc5373\.m2\repository\org\apache\maven\maven-plugin-parameter-documenter\2.0.6\maven-plugin-parameter-documenter-2.0.6.jar;C:\Users\bzc5373\.m2\repository\org\apache\maven\wagon\wagon-http-lightweight\1.0-beta-2\wagon-http-lightweight-1.0-beta-2.jar;C:\Users\bzc5373\.m2\repository\org\apache\maven\wagon\wagon-http-shared\1.0-beta-2\wagon-http-shared-1.0-beta-2.jar;C:\Users\bzc5373\.m2\repository\jtidy\jtidy\4aug2000r7-dev\jtidy-4aug2000r7-dev.jar;C:\Users\bzc5373\.m2\repository\xml-apis\xml-apis\1.0.b2\xml-apis-1.0.b2.jar;C:\Users\bzc5373\.m2\repository\org\apache\maven\reporting\maven-reporting-api\2.0.6\maven-reporting-api-2.0.6.jar;C:\Users\bzc5373\.m2\repository\org\apache\maven\doxia\doxia-sink-api\1.0-alpha-7\doxia-sink-api-1.0-alpha-7.jar;C:\Users\bzc5373\.m2\repository\org\apache\maven\maven-error-diagnostics\2.0.6\maven-error-diagnostics-2.0.6.jar;C:\Users\bzc5373\.m2\repository\commons-cli\commons-cli\1.0\commons-cli-1.0.jar;C:\Users\bzc5373\.m2\repository\org\apache\maven\wagon\wagon-ssh-external\1.0-beta-2\wagon-ssh-external-1.0-beta-2.jar;C:\Users\bzc5373\.m2\repository\org\apache\maven\wagon\wagon-ssh-common\1.0-beta-2\wagon-ssh-common-1.0-beta-2.jar;C:\Users\bzc5373\.m2\repository\org\apache\maven\maven-plugin-descriptor\2.0.6\maven-plugin-descriptor-2.0.6.jar;C:\Users\bzc5373\.m2\repository\org\codehaus\plexus\plexus-interactivity-api\1.0-alpha-4\plexus-interactivity-api-1.0-alpha-4.jar;C:\Users\bzc5373\.m2\repository\org\apache\maven\wagon\wagon-ssh\1.0-beta-2\wagon-ssh-1.0-beta-2.jar;C:\Users\bzc5373\.m2\repository\com\jcraft\jsch\0.1.27\jsch-0.1.27.jar;C:\Users\bzc5373\.m2\repository\javax\help\javahelp\2.0.05\javahelp-2.0.05.jar;"/>
    <property name="java.vm.vendor" value="Amazon.com Inc."/>
    <property name="sun.arch.data.model" value="64"/>
    <property name="user.variant" value=""/>
    <property name="java.vendor.url" value="https://aws.amazon.com/corretto/"/>
    <property name="user.timezone" value="America/New_York"/>
    <property name="os.name" value="Windows 10"/>
    <property name="java.vm.specification.version" value="16"/>
    <property name="user.country" value="US"/>
    <property name="sun.java.launcher" value="SUN_STANDARD"/>
    <property name="sun.boot.library.path" value="C:\Program Files\Amazon Corretto\jdk16.0.2_7\bin"/>
    <property name="sun.java.command" value="C:\Users\bzc5373\AppData\Local\Temp\surefire10827888813460684749\surefirebooter1941262500216162070.jar C:\Users\bzc5373\AppData\Local\Temp\surefire10827888813460684749 2022-03-22T16-11-01_921-jvmRun1 surefire1575573364266603460tmp surefire_04774678339088262868tmp"/>
    <property name="jdk.debug" value="release"/>
    <property name="surefire.test.class.path" value="V:\Desktop\CommunityLookupTool-master\target\test-classes;V:\Desktop\CommunityLookupTool-master\target\classes;C:\Users\bzc5373\.m2\repository\org\junit\jupiter\junit-jupiter-api\5.6.0\junit-jupiter-api-5.6.0.jar;C:\Users\bzc5373\.m2\repository\org\apiguardian\apiguardian-api\1.1.0\apiguardian-api-1.1.0.jar;C:\Users\bzc5373\.m2\repository\org\opentest4j\opentest4j\1.2.0\opentest4j-1.2.0.jar;C:\Users\bzc5373\.m2\repository\org\junit\platform\junit-platform-commons\1.6.0\junit-platform-commons-1.6.0.jar;C:\Users\bzc5373\.m2\repository\org\junit\jupiter\junit-jupiter-params\5.6.0\junit-jupiter-params-5.6.0.jar;C:\Users\bzc5373\.m2\repository\org\junit\jupiter\junit-jupiter-engine\5.6.0\junit-jupiter-engine-5.6.0.jar;C:\Users\bzc5373\.m2\repository\org\junit\platform\junit-platform-engine\1.6.0\junit-platform-engine-1.6.0.jar;C:\Users\bzc5373\.m2\repository\org\codehaus\mojo\nbm-maven-plugin\3.6\nbm-maven-plugin-3.6.jar;C:\Users\bzc5373\.m2\repository\org\apache\maven\maven-artifact\2.0.6\maven-artifact-2.0.6.jar;C:\Users\bzc5373\.m2\repository\org\apache\maven\maven-plugin-api\2.0\maven-plugin-api-2.0.jar;C:\Users\bzc5373\.m2\repository\org\apache\ant\ant\1.8.2\ant-1.8.2.jar;C:\Users\bzc5373\.m2\repository\org\apache\ant\ant-launcher\1.8.2\ant-launcher-1.8.2.jar;C:\Users\bzc5373\.m2\repository\org\apache\maven\maven-project\2.0.6\maven-project-2.0.6.jar;C:\Users\bzc5373\.m2\repository\org\apache\maven\maven-settings\2.0.6\maven-settings-2.0.6.jar;C:\Users\bzc5373\.m2\repository\org\apache\maven\maven-profile\2.0.6\maven-profile-2.0.6.jar;C:\Users\bzc5373\.m2\repository\org\apache\maven\maven-plugin-registry\2.0.6\maven-plugin-registry-2.0.6.jar;C:\Users\bzc5373\.m2\repository\org\codehaus\plexus\plexus-utils\3.0\plexus-utils-3.0.jar;C:\Users\bzc5373\.m2\repository\org\codehaus\plexus\plexus-archiver\1.2\plexus-archiver-1.2.jar;C:\Users\bzc5373\.m2\repository\org\codehaus\plexus\plexus-io\1.0.1\plexus-io-1.0.1.jar;C:\Users\bzc5373\.m2\repository\org\apache\lucene\lucene-core\2.9.4\lucene-core-2.9.4.jar;C:\Users\bzc5373\.m2\repository\org\apache\maven\shared\maven-dependency-tree\1.2\maven-dependency-tree-1.2.jar;C:\Users\bzc5373\.m2\repository\org\apache\maven\shared\maven-dependency-analyzer\1.2\maven-dependency-analyzer-1.2.jar;C:\Users\bzc5373\.m2\repository\asm\asm\3.0\asm-3.0.jar;C:\Users\bzc5373\.m2\repository\org\apache\maven\maven-model\2.0.6\maven-model-2.0.6.jar;C:\Users\bzc5373\.m2\repository\org\apache\maven\maven-artifact-manager\2.0.6\maven-artifact-manager-2.0.6.jar;C:\Users\bzc5373\.m2\repository\org\apache\maven\maven-repository-metadata\2.0.6\maven-repository-metadata-2.0.6.jar;C:\Users\bzc5373\.m2\repository\org\apache\maven\wagon\wagon-provider-api\1.0-beta-2\wagon-provider-api-1.0-beta-2.jar;C:\Users\bzc5373\.m2\repository\org\codehaus\plexus\plexus-container-default\1.0-alpha-9-stable-1\plexus-container-default-1.0-alpha-9-stable-1.jar;C:\Users\bzc5373\.m2\repository\junit\junit\3.8.1\junit-3.8.1.jar;C:\Users\bzc5373\.m2\repository\classworlds\classworlds\1.1-alpha-2\classworlds-1.1-alpha-2.jar;C:\Users\bzc5373\.m2\repository\org\apache\maven\shared\maven-filtering\1.0\maven-filtering-1.0.jar;C:\Users\bzc5373\.m2\repository\org\apache\maven\maven-monitor\2.0.6\maven-monitor-2.0.6.jar;C:\Users\bzc5373\.m2\repository\org\codehaus\plexus\plexus-interpolation\1.12\plexus-interpolation-1.12.jar;C:\Users\bzc5373\.m2\repository\org\sonatype\plexus\plexus-build-api\0.0.4\plexus-build-api-0.0.4.jar;C:\Users\bzc5373\.m2\repository\org\apache\maven\maven-core\2.0.6\maven-core-2.0.6.jar;C:\Users\bzc5373\.m2\repository\org\apache\maven\wagon\wagon-file\1.0-beta-2\wagon-file-1.0-beta-2.jar;C:\Users\bzc5373\.m2\repository\org\apache\maven\maven-plugin-parameter-documenter\2.0.6\maven-plugin-parameter-documenter-2.0.6.jar;C:\Users\bzc5373\.m2\repository\org\apache\maven\wagon\wagon-http-lightweight\1.0-beta-2\wagon-http-lightweight-1.0-beta-2.jar;C:\Users\bzc5373\.m2\repository\org\apache\maven\wagon\wagon-http-shared\1.0-beta-2\wagon-http-shared-1.0-beta-2.jar;C:\Users\bzc5373\.m2\repository\jtidy\jtidy\4aug2000r7-dev\jtidy-4aug2000r7-dev.jar;C:\Users\bzc5373\.m2\repository\xml-apis\xml-apis\1.0.b2\xml-apis-1.0.b2.jar;C:\Users\bzc5373\.m2\repository\org\apache\maven\reporting\maven-reporting-api\2.0.6\maven-reporting-api-2.0.6.jar;C:\Users\bzc5373\.m2\repository\org\apache\maven\doxia\doxia-sink-api\1.0-alpha-7\doxia-sink-api-1.0-alpha-7.jar;C:\Users\bzc5373\.m2\repository\org\apache\maven\maven-error-diagnostics\2.0.6\maven-error-diagnostics-2.0.6.jar;C:\Users\bzc5373\.m2\repository\commons-cli\commons-cli\1.0\commons-cli-1.0.jar;C:\Users\bzc5373\.m2\repository\org\apache\maven\wagon\wagon-ssh-external\1.0-beta-2\wagon-ssh-external-1.0-beta-2.jar;C:\Users\bzc5373\.m2\repository\org\apache\maven\wagon\wagon-ssh-common\1.0-beta-2\wagon-ssh-common-1.0-beta-2.jar;C:\Users\bzc5373\.m2\repository\org\apache\maven\maven-plugin-descriptor\2.0.6\maven-plugin-descriptor-2.0.6.jar;C:\Users\bzc5373\.m2\repository\org\codehaus\plexus\plexus-interactivity-api\1.0-alpha-4\plexus-interactivity-api-1.0-alpha-4.jar;C:\Users\bzc5373\.m2\repository\org\apache\maven\wagon\wagon-ssh\1.0-beta-2\wagon-ssh-1.0-beta-2.jar;C:\Users\bzc5373\.m2\repository\com\jcraft\jsch\0.1.27\jsch-0.1.27.jar;C:\Users\bzc5373\.m2\repository\javax\help\javahelp\2.0.05\javahelp-2.0.05.jar;"/>
    <property name="sun.cpu.endian" value="little"/>
    <property name="user.home" value="C:\Users\bzc5373"/>
    <property name="user.language" value="en"/>
    <property name="java.specification.vendor" value="Oracle Corporation"/>
    <property name="java.version.date" value="2021-07-20"/>
    <property name="java.home" value="C:\Program Files\Amazon Corretto\jdk16.0.2_7"/>
    <property name="file.separator" value="\"/>
    <property name="basedir" value="V:\Desktop\CommunityLookupTool-master"/>
    <property name="java.vm.compressedOopsMode" value="Zero based"/>
    <property name="line.separator" value="&#10;"/>
    <property name="java.vm.specification.vendor" value="Oracle Corporation"/>
    <property name="java.specification.name" value="Java Platform API Specification"/>
    <property name="surefire.real.class.path" value="C:\Users\bzc5373\AppData\Local\Temp\surefire10827888813460684749\surefirebooter1941262500216162070.jar"/>
    <property name="user.script" value=""/>
    <property name="sun.management.compiler" value="HotSpot 64-Bit Tiered Compilers"/>
    <property name="java.runtime.version" value="16.0.2+7"/>
    <property name="user.name" value="bzc5373"/>
    <property name="path.separator" value=";"/>
    <property name="os.version" value="10.0"/>
    <property name="java.runtime.name" value="OpenJDK Runtime Environment"/>
    <property name="file.encoding" value="UTF-8"/>
    <property name="java.vm.name" value="OpenJDK 64-Bit Server VM"/>
    <property name="java.vendor.version" value="Corretto-16.0.2.7.1"/>
    <property name="maven.ext.class.path" value="C:\Program Files\NetBeans-12.4\netbeans\java\maven-nblib\netbeans-eventspy.jar"/>
    <property name="localRepository" value="C:\Users\bzc5373\.m2\repository"/>
    <property name="java.vendor.url.bug" value="https://github.com/corretto/corretto-jdk/issues/"/>
    <property name="java.io.tmpdir" value="C:\Users\bzc5373\AppData\Local\Temp\"/>
    <property name="java.version" value="16.0.2"/>
    <property name="user.dir" value="V:\Desktop\CommunityLookupTool-master"/>
    <property name="os.arch" value="amd64"/>
    <property name="java.vm.specification.name" value="Java Virtual Machine Specification"/>
    <property name="sun.os.patch.level" value=""/>
    <property name="java.library.path" value="C:\Program Files\Amazon Corretto\jdk16.0.2_7\bin;C:\Windows\Sun\Java\bin;C:\Windows\system32;C:\Windows;C:\Program Files\Amazon Corretto\jdk16.0.2_7\bin;C:\Program Files (x86)\NVIDIA Corporation\PhysX\Common;C:\Program Files\Anaconda3-2021;C:\Program Files\Anaconda3-2021\Library\mingw-w64\bin;C:\Program Files\Anaconda3-2021\Library\usr\bin;C:\Program Files\Anaconda3-2021\Library\bin;C:\Program Files\Anaconda3-2021\Scripts;C:\Program Files (x86)\Python39-32\Scripts\;C:\Program Files (x86)\Python39-32\;C:\Windows\system32;C:\Windows;C:\Windows\System32\Wbem;C:\Windows\System32\WindowsPowerShell\v1.0\;C:\Windows\System32\OpenSSH\;C:\Program Files (x86)\PuTTY\;C:\Program Files\MATLAB\R2021a\runtime\win64;C:\Program Files\MATLAB\R2021a\bin;C:\Program Files\Wolfram Research\WolframScript\;C:\Program Files (x86)\Microsoft SQL Server\150\DTS\Binn\;C:\Program Files\Azure Data Studio\bin;C:\Program Files (x86)\Windows Live\Shared;C:\Program Files (x86)\G95 Org\Fortran 95\bin\;C:\Program Files (x86)\QuickTime\QTSystem\;C:\Program Files\dotnet\;c:\Program Files\Microsoft SQL Server\120\Tools\Binn\;c:\Program Files\Common Files\Autodesk Shared\;C:\Program Files (x86)\IVI Foundation\VISA\WinNT\Bin;C:\Program Files\MEGA-X;C:\Program Files (x86)\IVI Foundation\VISA\WinNT\Bin\;C:\Program Files\IVI Foundation\VISA\Win64\Bin\;C:\Program Files\PuTTY\;C:\Program Files\Microsoft SQL Server\130\Tools\Binn\;C:\Program Files\Microsoft SQL Server\Client SDK\ODBC\170\Tools\Binn\;C:\Program Files (x86)\dotnet\;C:\Program Files (x86)\National Instruments\Shared\LabVIEW CLI;C:\Users\bzc5373\AppData\Local\Microsoft\WindowsApps;;."/>
    <property name="java.vm.info" value="mixed mode, sharing"/>
    <property name="java.vendor" value="Amazon.com Inc."/>
    <property name="java.vm.version" value="16.0.2+7"/>
    <property name="sun.io.unicode.encoding" value="UnicodeLittle"/>
    <property name="java.class.version" value="60.0"/>
  </properties>
  <testcase name="testToString" classname="TestEvent" time="0.224"/>
  <testcase name="testGetDate" classname="TestEvent" time="0"/>
  <testcase name="testGetName" classname="TestEvent" time="0"/>
  <testcase name="testGetTime" classname="TestEvent" time="0"/>
  <testcase name="testSetDate" classname="TestEvent" time="0"/>
  <testcase name="testSetName" classname="TestEvent" time="0.001"/>
  <testcase name="testSetTime" classname="TestEvent" time="0.001"/>
</testsuite>